0 info it worked if it ends with ok
1 verbose cli [ '/usr/local/bin/node',
1 verbose cli   '/usr/local/bin/npm',
1 verbose cli   'install',
1 verbose cli   'riot',
1 verbose cli   '-g' ]
2 info using npm@1.4.28
3 info using node@v0.10.33
4 verbose cache add [ 'riot', null ]
5 verbose cache add name=undefined spec="riot" args=["riot",null]
6 verbose parsed url { protocol: null,
6 verbose parsed url   slashes: null,
6 verbose parsed url   auth: null,
6 verbose parsed url   host: null,
6 verbose parsed url   port: null,
6 verbose parsed url   hostname: null,
6 verbose parsed url   hash: null,
6 verbose parsed url   search: null,
6 verbose parsed url   query: null,
6 verbose parsed url   pathname: 'riot',
6 verbose parsed url   path: 'riot',
6 verbose parsed url   href: 'riot' }
7 silly lockFile 5f6e05d5-riot riot
8 verbose lock riot /home/chad/.npm/5f6e05d5-riot.lock
9 silly lockFile 5f6e05d5-riot riot
10 silly lockFile 5f6e05d5-riot riot
11 verbose addNamed [ 'riot', '' ]
12 verbose addNamed [ null, '*' ]
13 silly lockFile ce423be9-riot riot@
14 verbose lock riot@ /home/chad/.npm/ce423be9-riot.lock
15 silly addNameRange { name: 'riot', range: '*', hasData: false }
16 verbose request where is /riot
17 verbose request registry https://registry.npmjs.org/
18 verbose request id 8c47d91e2fdb1d4a
19 verbose url raw /riot
20 verbose url resolving [ 'https://registry.npmjs.org/', './riot' ]
21 verbose url resolved https://registry.npmjs.org/riot
22 verbose request where is https://registry.npmjs.org/riot
23 info trying registry request attempt 1 at 02:15:07
24 http GET https://registry.npmjs.org/riot
25 http 200 https://registry.npmjs.org/riot
26 silly registry.get cb [ 200,
26 silly registry.get   { date: 'Fri, 23 Jan 2015 01:15:08 GMT',
26 silly registry.get     server: 'CouchDB/1.5.0 (Erlang OTP/R16B03)',
26 silly registry.get     etag: '"33333UJ9JRA2Z6P8Z8X780F4H"',
26 silly registry.get     'content-type': 'application/json',
26 silly registry.get     'cache-control': 'max-age=60',
26 silly registry.get     'content-length': '7694',
26 silly registry.get     'accept-ranges': 'bytes',
26 silly registry.get     via: '1.1 varnish',
26 silly registry.get     age: '0',
26 silly registry.get     'x-served-by': 'cache-fra1228-FRA',
26 silly registry.get     'x-cache': 'MISS',
26 silly registry.get     'x-cache-hits': '0',
26 silly registry.get     'x-timer': 'S1421975707.933675,VS0,VE731',
26 silly registry.get     vary: 'Accept',
26 silly registry.get     'keep-alive': 'timeout=10, max=50',
26 silly registry.get     connection: 'Keep-Alive' } ]
27 silly addNameRange number 2 { name: 'riot', range: '*', hasData: true }
28 silly addNameRange versions [ 'riot',
28 silly addNameRange   [ '0.0.0', '2.0.0-beta1', '2.0.0-beta2', '2.0.0', '2.0.1' ] ]
29 verbose addNamed [ 'riot', '2.0.1' ]
30 verbose addNamed [ '2.0.1', '2.0.1' ]
31 silly lockFile 72305020-riot-2-0-1 riot@2.0.1
32 verbose lock riot@2.0.1 /home/chad/.npm/72305020-riot-2-0-1.lock
33 silly lockFile da1d9b13-ry-npmjs-org-riot-riot-2-0-1-tgz https://registry.npmjs.org/riot/-/riot-2.0.1.tgz
34 verbose lock https://registry.npmjs.org/riot/-/riot-2.0.1.tgz /home/chad/.npm/da1d9b13-ry-npmjs-org-riot-riot-2-0-1-tgz.lock
35 verbose addRemoteTarball [ 'https://registry.npmjs.org/riot/-/riot-2.0.1.tgz',
35 verbose addRemoteTarball   '5a4923905680c25a077d3b093a43473c269c5586' ]
36 info retry fetch attempt 1 at 02:15:08
37 verbose fetch to= /tmp/npm-7544-oFF_4VP3/registry.npmjs.org/riot/-/riot-2.0.1.tgz
38 http GET https://registry.npmjs.org/riot/-/riot-2.0.1.tgz
39 http 200 https://registry.npmjs.org/riot/-/riot-2.0.1.tgz
40 silly lockFile da1d9b13-ry-npmjs-org-riot-riot-2-0-1-tgz https://registry.npmjs.org/riot/-/riot-2.0.1.tgz
41 silly lockFile da1d9b13-ry-npmjs-org-riot-riot-2-0-1-tgz https://registry.npmjs.org/riot/-/riot-2.0.1.tgz
42 silly lockFile 72305020-riot-2-0-1 riot@2.0.1
43 silly lockFile 72305020-riot-2-0-1 riot@2.0.1
44 silly lockFile ce423be9-riot riot@
45 silly lockFile ce423be9-riot riot@
46 silly resolved [ { name: 'riot',
46 silly resolved     version: '2.0.1',
46 silly resolved     description: 'A React- like, 2.5K user interface library',
46 silly resolved     homepage: 'https://muut.com/riotjs/',
46 silly resolved     repository: { type: 'git', url: 'https://github.com/muut/riotjs' },
46 silly resolved     author: { name: 'Muut, Inc. and other contributors' },
46 silly resolved     license: 'MIT',
46 silly resolved     keywords:
46 silly resolved      [ 'Custom tags',
46 silly resolved        'Web components',
46 silly resolved        'Polymer',
46 silly resolved        'React',
46 silly resolved        'Minimal',
46 silly resolved        'Client-side' ],
46 silly resolved     preferGlobal: true,
46 silly resolved     bin: { riot: 'compiler/make.js' },
46 silly resolved     main: 'compiler/make.js',
46 silly resolved     dependencies: { gaze: '~0.6.4', minimist: '~1.1.0', shelljs: '~0.3.0' },
46 silly resolved     devDependencies: { jshint: 'latest', 'uglify-js': 'latest' },
46 silly resolved     gitHead: '5113fee4dc6987afddddcb443eb4cc4e05c8c900',
46 silly resolved     bugs: { url: 'https://github.com/muut/riotjs/issues' },
46 silly resolved     _id: 'riot@2.0.1',
46 silly resolved     scripts: {},
46 silly resolved     _shasum: '5a4923905680c25a077d3b093a43473c269c5586',
46 silly resolved     _from: 'riot@',
46 silly resolved     _npmVersion: '1.4.28',
46 silly resolved     _npmUser: { name: 'aurri', email: 'au@rim.as' },
46 silly resolved     maintainers: [ [Object], [Object] ],
46 silly resolved     dist:
46 silly resolved      { shasum: '5a4923905680c25a077d3b093a43473c269c5586',
46 silly resolved        tarball: 'http://registry.npmjs.org/riot/-/riot-2.0.1.tgz' },
46 silly resolved     directories: {},
46 silly resolved     _resolved: 'https://registry.npmjs.org/riot/-/riot-2.0.1.tgz' } ]
47 info install riot@2.0.1 into /usr/local/lib
48 info installOne riot@2.0.1
49 verbose lib/node_modules/riot unbuild
50 verbose tar unpack /home/chad/.npm/riot/2.0.1/package.tgz
51 silly lockFile 3b97779c--usr-local-lib-node-modules-riot tar:///usr/local/lib/node_modules/riot
52 verbose lock tar:///usr/local/lib/node_modules/riot /home/chad/.npm/3b97779c--usr-local-lib-node-modules-riot.lock
53 silly lockFile cfd22a50--chad-npm-riot-2-0-1-package-tgz tar:///home/chad/.npm/riot/2.0.1/package.tgz
54 verbose lock tar:///home/chad/.npm/riot/2.0.1/package.tgz /home/chad/.npm/cfd22a50--chad-npm-riot-2-0-1-package-tgz.lock
55 silly gunzTarPerm modes [ '775', '664' ]
56 error Error: EACCES, mkdir '/usr/local/lib/node_modules/riot'
56 error  { [Error: EACCES, mkdir '/usr/local/lib/node_modules/riot']
56 error   errno: 3,
56 error   code: 'EACCES',
56 error   path: '/usr/local/lib/node_modules/riot',
56 error   fstream_type: 'Directory',
56 error   fstream_path: '/usr/local/lib/node_modules/riot',
56 error   fstream_class: 'DirWriter',
56 error   fstream_stack:
56 error    [ '/usr/local/lib/node_modules/npm/node_modules/fstream/lib/dir-writer.js:36:23',
56 error      '/usr/local/lib/node_modules/npm/node_modules/mkdirp/index.js:46:53',
56 error      'Object.oncomplete (fs.js:107:15)' ] }
57 error Please try running this command again as root/Administrator.
58 error System Linux 3.16.0-29-generic
59 error command "/usr/local/bin/node" "/usr/local/bin/npm" "install" "riot" "-g"
60 error cwd /home/chad/dev/marble
61 error node -v v0.10.33
62 error npm -v 1.4.28
63 error path /usr/local/lib/node_modules/riot
64 error fstream_path /usr/local/lib/node_modules/riot
65 error fstream_type Directory
66 error fstream_class DirWriter
67 error code EACCES
68 error errno 3
69 error stack Error: EACCES, mkdir '/usr/local/lib/node_modules/riot'
70 error fstream_stack /usr/local/lib/node_modules/npm/node_modules/fstream/lib/dir-writer.js:36:23
70 error fstream_stack /usr/local/lib/node_modules/npm/node_modules/mkdirp/index.js:46:53
70 error fstream_stack Object.oncomplete (fs.js:107:15)
71 verbose exit [ 3, true ]
